<?xml version="1.0" encoding="UTF-8"?>
<!-- Generated by org.testng.reporters.JUnitReportReporter -->
<testsuite hostname="LAPTOP-MNKCORU6" failures="0" tests="4" name="api.test.UserTests" time="7.045" errors="0" timestamp="2024-02-09T14:35:20 IST" skipped="0">
  <testcase classname="api.test.UserTests" name="testPostUser" time="2.454"/>
  <system-out/>
  <testcase classname="api.test.UserTests" name="testGetUserByUserName" time="1.151"/>
  <system-out/>
  <testcase classname="api.test.UserTests" name="testUpdateByUserName" time="2.307"/>
  <system-out/>
  <testcase classname="api.test.UserTests" name="testDeleteByUserName" time="1.133"/>
  <system-out/>
</testsuite> <!-- api.test.UserTests -->
