<?xml version="1.0" encoding="UTF-8"?>
<!-- Generated by org.testng.reporters.JUnitReportReporter -->
<testsuite hostname="LAPTOP-MNKCORU6" failures="0" tests="6" name="api.test.DDTests" time="8.323" errors="0" timestamp="2024-02-09T10:52:03 IST" skipped="0">
  <testcase classname="api.test.DDTests" name="testPostuser" time="1.124"/>
  <system-out/>
  <testcase classname="api.test.DDTests" name="testPostuser" time="1.107"/>
  <system-out/>
  <testcase classname="api.test.DDTests" name="testPostuser" time="2.699"/>
  <system-out/>
  <testcase classname="api.test.DDTests" name="testDeleteUserByUsername" time="1.150"/>
  <system-out/>
  <testcase classname="api.test.DDTests" name="testDeleteUserByUsername" time="1.086"/>
  <system-out/>
  <testcase classname="api.test.DDTests" name="testDeleteUserByUsername" time="1.157"/>
  <system-out/>
</testsuite> <!-- api.test.DDTests -->
