<?xml version="1.0" encoding="UTF-8"?>
<!-- Generated by org.testng.reporters.JUnitReportReporter -->
<testsuite hostname="LAPTOP-MNKCORU6" failures="0" tests="4" name="api.test.UserTests2" time="7.143" errors="0" timestamp="2024-02-12T18:39:38 IST" skipped="0">
  <testcase classname="api.test.UserTests2" name="testPostUser" time="2.487"/>
  <system-out/>
  <testcase classname="api.test.UserTests2" name="testGetUserByUserName" time="1.136"/>
  <system-out/>
  <testcase classname="api.test.UserTests2" name="testUpdateByUserName" time="2.365"/>
  <system-out/>
  <testcase classname="api.test.UserTests2" name="testDeleteByUserName" time="1.155"/>
  <system-out/>
</testsuite> <!-- api.test.UserTests2 -->
