<?xml version="1.0" encoding="UTF-8"?>
<!-- Generated by org.testng.reporters.JUnitReportReporter -->
<testsuite hostname="LAPTOP-MNKCORU6" failures="0" tests="4" name="api.test.UserTests2" time="7.137" errors="0" timestamp="2024-02-12T18:34:36 IST" skipped="0">
  <testcase classname="api.test.UserTests2" name="testPostUser" time="2.383"/>
  <testcase classname="api.test.UserTests2" name="testGetUserByUserName" time="1.263"/>
  <testcase classname="api.test.UserTests2" name="testUpdateByUserName" time="2.355"/>
  <testcase classname="api.test.UserTests2" name="testDeleteByUserName" time="1.136"/>
</testsuite> <!-- api.test.UserTests2 -->
